2026-02-11 13:21:23,447 INFO root: Listening on 0.0.0.0:4321
2026-02-11 13:21:24,172 INFO root: Connection from ('127.0.0.1', 51864)
2026-02-11 13:21:34,106 INFO root: Query/Option received:
|:exit|

2026-02-11 13:21:34,106 INFO root: Closing connection from ('127.0.0.1', 51864)
2026-02-11 13:21:34,231 ERROR asyncio: Unhandled exception in client_connected_cb
transport: <_SelectorSocketTransport closed fd=9>
Traceback (most recent call last):
  File "/nix/store/hd3h6gjpy7pf5himwf8sfqb3108pz5ld-python3-3.14.2/lib/python3.14/asyncio/runners.py", line 204, in run
    return runner.run(main)
           ~~~~~~~~~~^^^^^^
  File "/nix/store/hd3h6gjpy7pf5himwf8sfqb3108pz5ld-python3-3.14.2/lib/python3.14/asyncio/runners.py", line 127, in run
    return self._loop.run_until_complete(task)
           ~~~~~~~~~~~~~~~~~~~~~~~~~~~~~^^^^^^
  File "/nix/store/hd3h6gjpy7pf5himwf8sfqb3108pz5ld-python3-3.14.2/lib/python3.14/asyncio/base_events.py", line 706, in run_until_complete
    self.run_forever()
    ~~~~~~~~~~~~~~~~^^
  File "/nix/store/hd3h6gjpy7pf5himwf8sfqb3108pz5ld-python3-3.14.2/lib/python3.14/asyncio/base_events.py", line 677, in run_forever
    self._run_once()
    ~~~~~~~~~~~~~~^^
  File "/nix/store/hd3h6gjpy7pf5himwf8sfqb3108pz5ld-python3-3.14.2/lib/python3.14/asyncio/base_events.py", line 2046, in _run_once
    handle._run()
    ~~~~~~~~~~~^^
  File "/nix/store/hd3h6gjpy7pf5himwf8sfqb3108pz5ld-python3-3.14.2/lib/python3.14/asyncio/events.py", line 94, in _run
    self._context.run(self._callback, *self._args)
    ~~~~~~~~~~~~~~~~~^^^^^^^^^^^^^^^^^^^^^^^^^^^^^
  File "/nix/store/fjdzwjipbf3p2gcd9xsrmhi74z9iw1hb-perplex-selenium-server/share/server/main.py", line 102, in handler
    exit(0)
    ~~~~^^^
  File "<frozen _sitebuiltins>", line 26, in __call__
SystemExit: 0
2026-02-11 14:08:31,530 INFO root: Listening on 0.0.0.0:4321
2026-02-11 14:08:32,200 INFO root: Connection from ('127.0.0.1', 51110)
2026-02-11 14:08:52,224 INFO root: Query/Option received:
|:exit|

2026-02-11 14:08:52,225 INFO root: Closing connection from ('127.0.0.1', 51110)
2026-02-11 14:08:52,382 ERROR asyncio: Unhandled exception in client_connected_cb
transport: <_SelectorSocketTransport closed fd=9>
Traceback (most recent call last):
  File "/nix/store/hd3h6gjpy7pf5himwf8sfqb3108pz5ld-python3-3.14.2/lib/python3.14/asyncio/runners.py", line 204, in run
    return runner.run(main)
           ~~~~~~~~~~^^^^^^
  File "/nix/store/hd3h6gjpy7pf5himwf8sfqb3108pz5ld-python3-3.14.2/lib/python3.14/asyncio/runners.py", line 127, in run
    return self._loop.run_until_complete(task)
           ~~~~~~~~~~~~~~~~~~~~~~~~~~~~~^^^^^^
  File "/nix/store/hd3h6gjpy7pf5himwf8sfqb3108pz5ld-python3-3.14.2/lib/python3.14/asyncio/base_events.py", line 706, in run_until_complete
    self.run_forever()
    ~~~~~~~~~~~~~~~~^^
  File "/nix/store/hd3h6gjpy7pf5himwf8sfqb3108pz5ld-python3-3.14.2/lib/python3.14/asyncio/base_events.py", line 677, in run_forever
    self._run_once()
    ~~~~~~~~~~~~~~^^
  File "/nix/store/hd3h6gjpy7pf5himwf8sfqb3108pz5ld-python3-3.14.2/lib/python3.14/asyncio/base_events.py", line 2046, in _run_once
    handle._run()
    ~~~~~~~~~~~^^
  File "/nix/store/hd3h6gjpy7pf5himwf8sfqb3108pz5ld-python3-3.14.2/lib/python3.14/asyncio/events.py", line 94, in _run
    self._context.run(self._callback, *self._args)
    ~~~~~~~~~~~~~~~~~^^^^^^^^^^^^^^^^^^^^^^^^^^^^^
  File "/nix/store/dvisfl20kfk22w1a3cvn0ly6q5nvkbyn-perplex-selenium-server/share/server/main.py", line 102, in handler
    exit(0)
    ~~~~^^^
  File "<frozen _sitebuiltins>", line 26, in __call__
SystemExit: 0
2026-02-11 14:14:33,795 INFO root: Listening on 0.0.0.0:4321
2026-02-11 14:14:34,489 INFO root: Connection from ('127.0.0.1', 52654)
2026-02-11 14:14:39,254 INFO root: Query/Option received:
|:exit|

2026-02-11 14:14:39,254 INFO root: Closing connection from ('127.0.0.1', 52654)
2026-02-11 14:14:39,387 ERROR asyncio: Unhandled exception in client_connected_cb
transport: <_SelectorSocketTransport closed fd=9>
Traceback (most recent call last):
  File "/nix/store/hd3h6gjpy7pf5himwf8sfqb3108pz5ld-python3-3.14.2/lib/python3.14/asyncio/runners.py", line 204, in run
    return runner.run(main)
           ~~~~~~~~~~^^^^^^
  File "/nix/store/hd3h6gjpy7pf5himwf8sfqb3108pz5ld-python3-3.14.2/lib/python3.14/asyncio/runners.py", line 127, in run
    return self._loop.run_until_complete(task)
           ~~~~~~~~~~~~~~~~~~~~~~~~~~~~~^^^^^^
  File "/nix/store/hd3h6gjpy7pf5himwf8sfqb3108pz5ld-python3-3.14.2/lib/python3.14/asyncio/base_events.py", line 706, in run_until_complete
    self.run_forever()
    ~~~~~~~~~~~~~~~~^^
  File "/nix/store/hd3h6gjpy7pf5himwf8sfqb3108pz5ld-python3-3.14.2/lib/python3.14/asyncio/base_events.py", line 677, in run_forever
    self._run_once()
    ~~~~~~~~~~~~~~^^
  File "/nix/store/hd3h6gjpy7pf5himwf8sfqb3108pz5ld-python3-3.14.2/lib/python3.14/asyncio/base_events.py", line 2046, in _run_once
    handle._run()
    ~~~~~~~~~~~^^
  File "/nix/store/hd3h6gjpy7pf5himwf8sfqb3108pz5ld-python3-3.14.2/lib/python3.14/asyncio/events.py", line 94, in _run
    self._context.run(self._callback, *self._args)
    ~~~~~~~~~~~~~~~~~^^^^^^^^^^^^^^^^^^^^^^^^^^^^^
  File "/nix/store/43i3vwx9b7a0xap989x4kx95gvxs8g9x-perplex-selenium-server/share/server/main.py", line 102, in handler
    exit(0)
    ~~~~^^^
  File "<frozen _sitebuiltins>", line 26, in __call__
SystemExit: 0
2026-02-11 14:19:25,840 INFO root: Listening on 0.0.0.0:4321
2026-02-11 14:19:26,490 INFO root: Connection from ('127.0.0.1', 38560)
2026-02-11 14:19:32,365 INFO root: Query/Option received:
|:exit|

2026-02-11 14:19:32,365 INFO root: Closing connection from ('127.0.0.1', 38560)
2026-02-11 14:19:32,510 ERROR asyncio: Unhandled exception in client_connected_cb
transport: <_SelectorSocketTransport closed fd=9>
Traceback (most recent call last):
  File "/nix/store/hd3h6gjpy7pf5himwf8sfqb3108pz5ld-python3-3.14.2/lib/python3.14/asyncio/runners.py", line 204, in run
    return runner.run(main)
           ~~~~~~~~~~^^^^^^
  File "/nix/store/hd3h6gjpy7pf5himwf8sfqb3108pz5ld-python3-3.14.2/lib/python3.14/asyncio/runners.py", line 127, in run
    return self._loop.run_until_complete(task)
           ~~~~~~~~~~~~~~~~~~~~~~~~~~~~~^^^^^^
  File "/nix/store/hd3h6gjpy7pf5himwf8sfqb3108pz5ld-python3-3.14.2/lib/python3.14/asyncio/base_events.py", line 706, in run_until_complete
    self.run_forever()
    ~~~~~~~~~~~~~~~~^^
  File "/nix/store/hd3h6gjpy7pf5himwf8sfqb3108pz5ld-python3-3.14.2/lib/python3.14/asyncio/base_events.py", line 677, in run_forever
    self._run_once()
    ~~~~~~~~~~~~~~^^
  File "/nix/store/hd3h6gjpy7pf5himwf8sfqb3108pz5ld-python3-3.14.2/lib/python3.14/asyncio/base_events.py", line 2046, in _run_once
    handle._run()
    ~~~~~~~~~~~^^
  File "/nix/store/hd3h6gjpy7pf5himwf8sfqb3108pz5ld-python3-3.14.2/lib/python3.14/asyncio/events.py", line 94, in _run
    self._context.run(self._callback, *self._args)
    ~~~~~~~~~~~~~~~~~^^^^^^^^^^^^^^^^^^^^^^^^^^^^^
  File "/nix/store/hkf35vafsb6k9imwqyrwhvj99nzr1mpi-perplex-selenium-server/share/server/main.py", line 102, in handler
    exit(0)
    ~~~~^^^
  File "<frozen _sitebuiltins>", line 26, in __call__
SystemExit: 0
2026-02-11 14:21:18,207 INFO root: Listening on 0.0.0.0:4321
2026-02-11 14:21:18,860 INFO root: Connection from ('127.0.0.1', 47258)
2026-02-11 14:21:54,954 INFO root: Query/Option received:
|what is digicore?|

2026-02-11 14:23:58,187 INFO root: Query/Option received:
|:exit|

2026-02-11 14:23:58,187 INFO root: Closing connection from ('127.0.0.1', 47258)
2026-02-11 14:23:58,440 ERROR asyncio: Unhandled exception in client_connected_cb
transport: <_SelectorSocketTransport closed fd=9>
Traceback (most recent call last):
  File "/nix/store/hd3h6gjpy7pf5himwf8sfqb3108pz5ld-python3-3.14.2/lib/python3.14/asyncio/runners.py", line 204, in run
    return runner.run(main)
           ~~~~~~~~~~^^^^^^
  File "/nix/store/hd3h6gjpy7pf5himwf8sfqb3108pz5ld-python3-3.14.2/lib/python3.14/asyncio/runners.py", line 127, in run
    return self._loop.run_until_complete(task)
           ~~~~~~~~~~~~~~~~~~~~~~~~~~~~~^^^^^^
  File "/nix/store/hd3h6gjpy7pf5himwf8sfqb3108pz5ld-python3-3.14.2/lib/python3.14/asyncio/base_events.py", line 706, in run_until_complete
    self.run_forever()
    ~~~~~~~~~~~~~~~~^^
  File "/nix/store/hd3h6gjpy7pf5himwf8sfqb3108pz5ld-python3-3.14.2/lib/python3.14/asyncio/base_events.py", line 677, in run_forever
    self._run_once()
    ~~~~~~~~~~~~~~^^
  File "/nix/store/hd3h6gjpy7pf5himwf8sfqb3108pz5ld-python3-3.14.2/lib/python3.14/asyncio/base_events.py", line 2046, in _run_once
    handle._run()
    ~~~~~~~~~~~^^
  File "/nix/store/hd3h6gjpy7pf5himwf8sfqb3108pz5ld-python3-3.14.2/lib/python3.14/asyncio/events.py", line 94, in _run
    self._context.run(self._callback, *self._args)
    ~~~~~~~~~~~~~~~~~^^^^^^^^^^^^^^^^^^^^^^^^^^^^^
  File "/nix/store/9axyrmx6wf4zxsq373x22hb3547ggrqx-perplex-selenium-server/share/server/main.py", line 102, in handler
    exit(0)
    ~~~~^^^
  File "<frozen _sitebuiltins>", line 26, in __call__
SystemExit: 0
2026-02-11 15:20:44,023 INFO root: Listening on 0.0.0.0:4321
2026-02-11 15:20:44,473 INFO root: Connection from ('127.0.0.1', 58298)
2026-02-11 15:20:57,736 INFO root: Query/Option received:
|:short|

2026-02-11 15:21:07,563 INFO root: Query/Option received:
|:exit|

2026-02-11 15:21:07,563 INFO root: Closing connection from ('127.0.0.1', 58298)
2026-02-11 15:21:07,699 ERROR asyncio: Unhandled exception in client_connected_cb
transport: <_SelectorSocketTransport closed fd=9>
Traceback (most recent call last):
  File "/nix/store/hd3h6gjpy7pf5himwf8sfqb3108pz5ld-python3-3.14.2/lib/python3.14/asyncio/runners.py", line 204, in run
    return runner.run(main)
           ~~~~~~~~~~^^^^^^
  File "/nix/store/hd3h6gjpy7pf5himwf8sfqb3108pz5ld-python3-3.14.2/lib/python3.14/asyncio/runners.py", line 127, in run
    return self._loop.run_until_complete(task)
           ~~~~~~~~~~~~~~~~~~~~~~~~~~~~~^^^^^^
  File "/nix/store/hd3h6gjpy7pf5himwf8sfqb3108pz5ld-python3-3.14.2/lib/python3.14/asyncio/base_events.py", line 706, in run_until_complete
    self.run_forever()
    ~~~~~~~~~~~~~~~~^^
  File "/nix/store/hd3h6gjpy7pf5himwf8sfqb3108pz5ld-python3-3.14.2/lib/python3.14/asyncio/base_events.py", line 677, in run_forever
    self._run_once()
    ~~~~~~~~~~~~~~^^
  File "/nix/store/hd3h6gjpy7pf5himwf8sfqb3108pz5ld-python3-3.14.2/lib/python3.14/asyncio/base_events.py", line 2046, in _run_once
    handle._run()
    ~~~~~~~~~~~^^
  File "/nix/store/hd3h6gjpy7pf5himwf8sfqb3108pz5ld-python3-3.14.2/lib/python3.14/asyncio/events.py", line 94, in _run
    self._context.run(self._callback, *self._args)
    ~~~~~~~~~~~~~~~~~^^^^^^^^^^^^^^^^^^^^^^^^^^^^^
  File "/nix/store/yc0fvarhmxrs2k8ii7wsjbb5qz88asy5-perplex-selenium-server/share/server/main.py", line 102, in handler
    exit(0)
    ~~~~^^^
  File "<frozen _sitebuiltins>", line 26, in __call__
SystemExit: 0
2026-02-11 15:21:32,117 INFO root: Listening on 0.0.0.0:4321
2026-02-11 15:21:32,716 INFO root: Connection from ('127.0.0.1', 33284)
2026-02-11 15:21:40,036 INFO root: Query/Option received:
|:length short|

2026-02-11 15:21:40,037 INFO root: Response length set to Keep answer to 2 sentences.  for ('127.0.0.1', 33284)
2026-02-11 15:22:06,191 INFO root: Query/Option received:
|python vs haskell|

2026-02-11 15:22:16,902 INFO root: Query/Option received:
|:length mid|

2026-02-11 15:22:16,902 INFO root: Response length set to Keep answer to 4 sentences.  for ('127.0.0.1', 33284)
2026-02-11 15:22:23,217 INFO root: Query/Option received:
|python vs javascript|

2026-02-11 15:22:50,325 INFO root: Query/Option received:
|:ctx off|

2026-02-11 15:22:51,229 INFO root: Context turned off for ('127.0.0.1', 33284)
2026-02-11 15:23:01,584 INFO root: Query/Option received:
|:exit|

2026-02-11 15:23:01,584 INFO root: Closing connection from ('127.0.0.1', 33284)
2026-02-11 15:23:01,826 ERROR asyncio: Unhandled exception in client_connected_cb
transport: <_SelectorSocketTransport closed fd=9>
Traceback (most recent call last):
  File "/nix/store/hd3h6gjpy7pf5himwf8sfqb3108pz5ld-python3-3.14.2/lib/python3.14/asyncio/runners.py", line 204, in run
    return runner.run(main)
           ~~~~~~~~~~^^^^^^
  File "/nix/store/hd3h6gjpy7pf5himwf8sfqb3108pz5ld-python3-3.14.2/lib/python3.14/asyncio/runners.py", line 127, in run
    return self._loop.run_until_complete(task)
           ~~~~~~~~~~~~~~~~~~~~~~~~~~~~~^^^^^^
  File "/nix/store/hd3h6gjpy7pf5himwf8sfqb3108pz5ld-python3-3.14.2/lib/python3.14/asyncio/base_events.py", line 706, in run_until_complete
    self.run_forever()
    ~~~~~~~~~~~~~~~~^^
  File "/nix/store/hd3h6gjpy7pf5himwf8sfqb3108pz5ld-python3-3.14.2/lib/python3.14/asyncio/base_events.py", line 677, in run_forever
    self._run_once()
    ~~~~~~~~~~~~~~^^
  File "/nix/store/hd3h6gjpy7pf5himwf8sfqb3108pz5ld-python3-3.14.2/lib/python3.14/asyncio/base_events.py", line 2046, in _run_once
    handle._run()
    ~~~~~~~~~~~^^
  File "/nix/store/hd3h6gjpy7pf5himwf8sfqb3108pz5ld-python3-3.14.2/lib/python3.14/asyncio/events.py", line 94, in _run
    self._context.run(self._callback, *self._args)
    ~~~~~~~~~~~~~~~~~^^^^^^^^^^^^^^^^^^^^^^^^^^^^^
  File "/nix/store/yc0fvarhmxrs2k8ii7wsjbb5qz88asy5-perplex-selenium-server/share/server/main.py", line 102, in handler
    exit(0)
    ~~~~^^^
  File "<frozen _sitebuiltins>", line 26, in __call__
SystemExit: 0
2026-02-11 15:24:46,564 INFO root: Listening on 0.0.0.0:4321
2026-02-11 15:24:47,188 INFO root: Connection from ('127.0.0.1', 53502)
2026-02-11 15:24:59,080 INFO root: Query/Option received:
|python vs haskell|

2026-02-11 15:25:09,831 INFO root: Query/Option received:
|:exit|

2026-02-11 15:25:09,831 INFO root: Closing connection from ('127.0.0.1', 53502)
2026-02-11 15:25:10,047 ERROR asyncio: Unhandled exception in client_connected_cb
transport: <_SelectorSocketTransport closed fd=9>
Traceback (most recent call last):
  File "/nix/store/hd3h6gjpy7pf5himwf8sfqb3108pz5ld-python3-3.14.2/lib/python3.14/asyncio/runners.py", line 204, in run
    return runner.run(main)
           ~~~~~~~~~~^^^^^^
  File "/nix/store/hd3h6gjpy7pf5himwf8sfqb3108pz5ld-python3-3.14.2/lib/python3.14/asyncio/runners.py", line 127, in run
    return self._loop.run_until_complete(task)
           ~~~~~~~~~~~~~~~~~~~~~~~~~~~~~^^^^^^
  File "/nix/store/hd3h6gjpy7pf5himwf8sfqb3108pz5ld-python3-3.14.2/lib/python3.14/asyncio/base_events.py", line 706, in run_until_complete
    self.run_forever()
    ~~~~~~~~~~~~~~~~^^
  File "/nix/store/hd3h6gjpy7pf5himwf8sfqb3108pz5ld-python3-3.14.2/lib/python3.14/asyncio/base_events.py", line 677, in run_forever
    self._run_once()
    ~~~~~~~~~~~~~~^^
  File "/nix/store/hd3h6gjpy7pf5himwf8sfqb3108pz5ld-python3-3.14.2/lib/python3.14/asyncio/base_events.py", line 2046, in _run_once
    handle._run()
    ~~~~~~~~~~~^^
  File "/nix/store/hd3h6gjpy7pf5himwf8sfqb3108pz5ld-python3-3.14.2/lib/python3.14/asyncio/events.py", line 94, in _run
    self._context.run(self._callback, *self._args)
    ~~~~~~~~~~~~~~~~~^^^^^^^^^^^^^^^^^^^^^^^^^^^^^
  File "/nix/store/xg13qjgxd4dnibqighwcm20jzbgrkxvc-perplex-selenium-server/share/server/main.py", line 102, in handler
    exit(0)
    ~~~~^^^
  File "<frozen _sitebuiltins>", line 26, in __call__
SystemExit: 0
